<?xml version="1.0" encoding="UTF-8"?>
<!-- Generated by org.testng.reporters.JUnitReportReporter -->
<testsuite hostname="LAPTOP-G5O5LOG3" failures="0" tests="1" name="com.inetbanking.testCases.TC_LoginTest_001" time="1.985" errors="0" timestamp="22 Jan 2022 12:16:54 GMT" skipped="0">
  <testcase classname="com.inetbanking.testCases.TC_LoginTest_001" name="loginTest" time="1.985"/>
</testsuite> <!-- com.inetbanking.testCases.TC_LoginTest_001 -->
